<?xml version="1.0" encoding="UTF-8"?>
<testsuite name="org.hyperskill.CinemaRoomManager.AppTest" tests="1" skipped="0" failures="0" errors="0" timestamp="2024-03-01T11:59:48" hostname="rajinsiam-Latitude-7400" time="0.001">
  <properties/>
  <testcase name="appHasAGreeting" classname="org.hyperskill.CinemaRoomManager.AppTest" time="0.001"/>
  <system-out><![CDATA[]]></system-out>
  <system-err><![CDATA[]]></system-err>
</testsuite>
